2026-07-18 17:16:40,580 - root - INFO - [logging.py:41] - Production logging initialized. Real-time file logging to: /Users/rhythamnegi/Code/Pathy-RoadMap-AI/logs/production.log
2026-07-18 17:16:40,580 - root - INFO - [main.py:202] - Starting Pathy RoadMap AI workflow.
2026-07-18 17:17:25,895 - root - INFO - [main.py:205] - User requirements: {"topic":"Instagram reel editing.","current_level":"beginner","target_outcome":"Able to edit reels for client.","weekly_hours":8,"preferred_language":"English"}
2026-07-18 17:17:25,897 - root - INFO - [main.py:120] - Starting creator discovery...
2026-07-18 17:17:25,897 - root - INFO - [creators.py:21] - discover_creators: Instagram reel editing.
2026-07-18 17:17:26,837 - root - INFO - [base.py:18] - Building agent: 'Creator Discovery Agent' with model 'oc/big-pickle', output_schema 'CreatorList', instructions count 5, tools []
2026-07-18 17:17:26,840 - root - INFO - [base.py:59] - Running agent 'Creator Discovery Agent'. Prompt length: 2231 chars
2026-07-18 17:17:37,571 - httpx - INFO - [_client.py:1740] - HTTP Request: POST http://localhost:20128/v1/chat/completions "HTTP/1.1 200 OK"
2026-07-18 17:17:38,780 - httpx - INFO - [_client.py:1740] - HTTP Request: POST https://os-api.agno.com/telemetry/runs "HTTP/2 201 Created"
2026-07-18 17:17:38,782 - root - INFO - [base.py:72] - Agent 'Creator Discovery Agent' execution succeeded. Response length: 1581 chars
2026-07-18 17:17:38,782 - root - INFO - [creators.py:58] - creators: ['Justin Brown - Primal Video', 'Ellen Mackenzie | Dishing up Digital', 'Joseph | Video Editing']
2026-07-18 17:17:38,782 - root - INFO - [main.py:122] - Discovered creators: ['Justin Brown - Primal Video', 'Ellen Mackenzie | Dishing up Digital', 'Joseph | Video Editing']
2026-07-18 17:17:38,784 - root - INFO - [main.py:126] - Starting course discovery...
2026-07-18 17:17:39,314 - root - INFO - [base.py:18] - Building agent: 'Course URL Extractor' with model 'oc/big-pickle', output_schema 'CourseURLList', instructions count 3, tools []
2026-07-18 17:17:39,315 - root - INFO - [base.py:59] - Running agent 'Course URL Extractor'. Prompt length: 4167 chars
2026-07-18 17:17:41,867 - httpx - INFO - [_client.py:1740] - HTTP Request: POST http://localhost:20128/v1/chat/completions "HTTP/1.1 200 OK"
2026-07-18 17:17:42,986 - httpx - INFO - [_client.py:1740] - HTTP Request: POST https://os-api.agno.com/telemetry/runs "HTTP/2 201 Created"
2026-07-18 17:17:42,987 - root - INFO - [base.py:72] - Agent 'Course URL Extractor' execution succeeded. Response length: 99 chars
2026-07-18 17:17:43,398 - httpx - INFO - [_client.py:1740] - HTTP Request: GET https://r.jina.ai/https://tharunspeaks.in/ "HTTP/1.1 402 Payment Required"
2026-07-18 17:17:43,658 - httpx - INFO - [_client.py:1740] - HTTP Request: GET https://r.jina.ai/http://indianschoolofmotion.com/ "HTTP/1.1 402 Payment Required"
2026-07-18 17:17:43,659 - root - INFO - [base.py:18] - Building agent: 'Course Research Agent' with model 'oc/big-pickle', output_schema 'CourseCandidateList', instructions count 6, tools []
2026-07-18 17:17:43,659 - root - INFO - [base.py:59] - Running agent 'Course Research Agent'. Prompt length: 1866 chars
2026-07-18 17:17:51,454 - httpx - INFO - [_client.py:1740] - HTTP Request: POST http://localhost:20128/v1/chat/completions "HTTP/1.1 200 OK"
2026-07-18 17:17:52,465 - httpx - INFO - [_client.py:1740] - HTTP Request: POST https://os-api.agno.com/telemetry/runs "HTTP/2 201 Created"
2026-07-18 17:17:52,466 - root - INFO - [base.py:72] - Agent 'Course Research Agent' execution succeeded. Response length: 1266 chars
2026-07-18 17:17:52,466 - root - INFO - [main.py:128] - Discovered courses: ['Primal Video Editing Course', 'Dishing Up Digital Academy - Batch Editing & Workflow']
2026-07-18 17:17:52,468 - root - INFO - [main.py:139] - Starting review validation...
2026-07-18 17:17:52,468 - root - INFO - [reviews.py:21] - Starting validate_reviews for 2 courses...
2026-07-18 17:17:52,468 - root - INFO - [base.py:18] - Building agent: 'Review Validation Agent' with model 'oc/big-pickle', output_schema 'ReviewEvidenceList', instructions count 7, tools ['search_reviews']
2026-07-18 17:17:52,469 - root - INFO - [reviews.py:46] - Running Review Validation Agent on courses...
2026-07-18 17:17:52,469 - root - INFO - [base.py:59] - Running agent 'Review Validation Agent'. Prompt length: 152 chars
2026-07-18 17:17:55,844 - httpx - INFO - [_client.py:1740] - HTTP Request: POST http://localhost:20128/v1/chat/completions "HTTP/1.1 200 OK"
2026-07-18 17:17:56,777 - httpx - INFO - [_client.py:1740] - HTTP Request: POST https://os-api.agno.com/telemetry/runs "HTTP/2 201 Created"
2026-07-18 17:17:56,778 - root - INFO - [base.py:72] - Agent 'Review Validation Agent' execution succeeded. Response length: 10 chars
2026-07-18 17:17:56,779 - root - INFO - [reviews.py:51] - Review validation completed. Validated reviews: []
2026-07-18 17:17:56,779 - root - INFO - [main.py:141] - Validated reviews: []
2026-07-18 17:17:56,780 - root - INFO - [main.py:145] - Starting course ranking...
2026-07-18 17:17:56,780 - root - INFO - [ranking.py:17] - Starting rank_courses. Candidates count: 2, Reviews count: 0
2026-07-18 17:17:56,780 - root - INFO - [base.py:18] - Building agent: 'Course Ranking Agent' with model 'oc/big-pickle', output_schema 'RankedCourseList', instructions count 6, tools []
2026-07-18 17:17:56,781 - root - INFO - [ranking.py:37] - Running Course Ranking Agent...
2026-07-18 17:17:56,781 - root - INFO - [base.py:59] - Running agent 'Course Ranking Agent'. Prompt length: 1514 chars
2026-07-18 17:18:08,287 - httpx - INFO - [_client.py:1740] - HTTP Request: POST http://localhost:20128/v1/chat/completions "HTTP/1.1 200 OK"
2026-07-18 17:18:09,407 - httpx - INFO - [_client.py:1740] - HTTP Request: POST https://os-api.agno.com/telemetry/runs "HTTP/2 201 Created"
2026-07-18 17:18:09,409 - root - INFO - [base.py:72] - Agent 'Course Ranking Agent' execution succeeded. Response length: 2589 chars
2026-07-18 17:18:09,409 - root - INFO - [ranking.py:49] - Course ranking completed. Rankings: [{'Primal Video Editing Course': 7.35}, {'Dishing Up Digital Academy - Batch Editing & Workflow': 6.15}]
2026-07-18 17:18:09,409 - root - INFO - [main.py:147] - Ranked course scores: [{'Primal Video Editing Course': 7.35}, {'Dishing Up Digital Academy - Batch Editing & Workflow': 6.15}]
2026-07-18 17:18:09,413 - root - INFO - [main.py:158] - Top ranked course: Primal Video Editing Course with score 7.35
2026-07-18 17:18:09,413 - root - INFO - [main.py:166] - Building roadmap and picking topic resources...
2026-07-18 17:18:09,413 - root - INFO - [roadmap.py:25] - Starting build_roadmap for selected course: 'Primal Video Editing Course'
2026-07-18 17:18:09,413 - root - INFO - [base.py:18] - Building agent: 'Roadmap Planning Agent' with model 'oc/big-pickle', output_schema 'RoadmapWeekList', instructions count 8, tools []
2026-07-18 17:18:09,414 - root - INFO - [roadmap.py:41] - Running Roadmap Planning Agent...
2026-07-18 17:18:09,414 - root - INFO - [base.py:59] - Running agent 'Roadmap Planning Agent'. Prompt length: 2253 chars
2026-07-18 17:18:41,568 - httpx - INFO - [_client.py:1740] - HTTP Request: POST http://localhost:20128/v1/chat/completions "HTTP/1.1 200 OK"
2026-07-18 17:18:42,620 - httpx - INFO - [_client.py:1740] - HTTP Request: POST https://os-api.agno.com/telemetry/runs "HTTP/2 201 Created"
2026-07-18 17:18:42,621 - root - INFO - [base.py:72] - Agent 'Roadmap Planning Agent' execution succeeded. Response length: 7412 chars
2026-07-18 17:18:42,621 - root - INFO - [roadmap.py:78] - Drafted roadmap with 8 weeks.
2026-07-18 17:18:42,621 - root - INFO - [roadmap.py:82] - Selecting YouTube resource for Week 1 topic: 'Software Setup & Video Editing Fundamentals'
2026-07-18 17:18:42,623 - root - INFO - [base.py:18] - Building agent: 'YouTube Resource Selector' with model 'oc/big-pickle', output_schema 'TopicResource', instructions count 7, tools ['search_youtube_resources']
2026-07-18 17:18:42,623 - root - INFO - [base.py:59] - Running agent 'YouTube Resource Selector'. Prompt length: 998 chars
2026-07-18 17:18:42,637 - root - INFO - [roadmap.py:82] - Selecting YouTube resource for Week 2 topic: 'Essential Editing Tools & Polishing the Cut'
2026-07-18 17:18:42,638 - root - INFO - [base.py:18] - Building agent: 'YouTube Resource Selector' with model 'oc/big-pickle', output_schema 'TopicResource', instructions count 7, tools ['search_youtube_resources']
2026-07-18 17:18:42,638 - root - INFO - [base.py:59] - Running agent 'YouTube Resource Selector'. Prompt length: 998 chars
2026-07-18 17:18:42,649 - root - INFO - [roadmap.py:82] - Selecting YouTube resource for Week 3 topic: 'Audio Editing & Integration'
2026-07-18 17:18:42,651 - root - INFO - [base.py:18] - Building agent: 'YouTube Resource Selector' with model 'oc/big-pickle', output_schema 'TopicResource', instructions count 7, tools ['search_youtube_resources']
2026-07-18 17:18:42,651 - root - INFO - [base.py:59] - Running agent 'YouTube Resource Selector'. Prompt length: 982 chars
2026-07-18 17:18:42,658 - root - INFO - [roadmap.py:82] - Selecting YouTube resource for Week 4 topic: 'Text, Graphics & Branding for Social Media'
2026-07-18 17:18:42,659 - root - INFO - [base.py:18] - Building agent: 'YouTube Resource Selector' with model 'oc/big-pickle', output_schema 'TopicResource', instructions count 7, tools ['search_youtube_resources']
2026-07-18 17:18:42,659 - root - INFO - [base.py:59] - Running agent 'YouTube Resource Selector'. Prompt length: 997 chars
2026-07-18 17:18:42,665 - root - INFO - [roadmap.py:82] - Selecting YouTube resource for Week 5 topic: 'Instagram Reels Format & Vertical Editing'
2026-07-18 17:18:42,666 - root - INFO - [base.py:18] - Building agent: 'YouTube Resource Selector' with model 'oc/big-pickle', output_schema 'TopicResource', instructions count 7, tools ['search_youtube_resources']
2026-07-18 17:18:42,666 - root - INFO - [base.py:59] - Running agent 'YouTube Resource Selector'. Prompt length: 996 chars
2026-07-18 17:18:42,672 - root - INFO - [roadmap.py:82] - Selecting YouTube resource for Week 6 topic: 'Workflow Optimization & Speed'
2026-07-18 17:18:42,672 - root - INFO - [base.py:18] - Building agent: 'YouTube Resource Selector' with model 'oc/big-pickle', output_schema 'TopicResource', instructions count 7, tools ['search_youtube_resources']
2026-07-18 17:18:42,672 - root - INFO - [base.py:59] - Running agent 'YouTube Resource Selector'. Prompt length: 984 chars
2026-07-18 17:18:42,677 - root - INFO - [roadmap.py:82] - Selecting YouTube resource for Week 7 topic: 'Color Correction & Basic Grading'
2026-07-18 17:18:42,678 - root - INFO - [base.py:18] - Building agent: 'YouTube Resource Selector' with model 'oc/big-pickle', output_schema 'TopicResource', instructions count 7, tools ['search_youtube_resources']
2026-07-18 17:18:42,678 - root - INFO - [base.py:59] - Running agent 'YouTube Resource Selector'. Prompt length: 987 chars
2026-07-18 17:18:42,683 - root - INFO - [roadmap.py:82] - Selecting YouTube resource for Week 8 topic: 'Exporting, Client Delivery & Practice Project'
2026-07-18 17:18:42,683 - root - INFO - [base.py:18] - Building agent: 'YouTube Resource Selector' with model 'oc/big-pickle', output_schema 'TopicResource', instructions count 7, tools ['search_youtube_resources']
2026-07-18 17:18:42,683 - root - INFO - [base.py:59] - Running agent 'YouTube Resource Selector'. Prompt length: 1000 chars
2026-07-18 17:18:47,280 - httpx - INFO - [_client.py:1740] - HTTP Request: POST http://localhost:20128/v1/chat/completions "HTTP/1.1 200 OK"
2026-07-18 17:18:47,437 - httpx - INFO - [_client.py:1740] - HTTP Request: POST http://localhost:20128/v1/chat/completions "HTTP/1.1 200 OK"
2026-07-18 17:18:47,637 - httpx - INFO - [_client.py:1740] - HTTP Request: POST http://localhost:20128/v1/chat/completions "HTTP/1.1 200 OK"
2026-07-18 17:18:47,854 - httpx - INFO - [_client.py:1740] - HTTP Request: POST http://localhost:20128/v1/chat/completions "HTTP/1.1 200 OK"
2026-07-18 17:18:48,130 - httpx - INFO - [_client.py:1740] - HTTP Request: POST http://localhost:20128/v1/chat/completions "HTTP/1.1 200 OK"
2026-07-18 17:18:48,209 - httpx - INFO - [_client.py:1740] - HTTP Request: POST https://os-api.agno.com/telemetry/runs "HTTP/2 201 Created"
2026-07-18 17:18:48,210 - root - INFO - [base.py:72] - Agent 'YouTube Resource Selector' execution succeeded. Response length: 477 chars
2026-07-18 17:18:48,211 - root - INFO - [roadmap.py:89] - Selected resource for Week 6 topic 'Workflow Optimization & Speed': 'FASTEST Video Editing Workflow For Instagram Reels (2024)' by Justin Brown - Primal Video (https://www.youtube.com/watch?v=E1e_1qPZn3I)
2026-07-18 17:18:48,383 - httpx - INFO - [_client.py:1740] - HTTP Request: POST https://os-api.agno.com/telemetry/runs "HTTP/2 201 Created"
2026-07-18 17:18:48,385 - root - INFO - [base.py:72] - Agent 'YouTube Resource Selector' execution succeeded. Response length: 519 chars
2026-07-18 17:18:48,385 - root - INFO - [roadmap.py:89] - Selected resource for Week 4 topic 'Text, Graphics & Branding for Social Media': 'How To Edit Instagram Reels Like A Pro (Step-By-Step Tutorial)' by Justin Brown - Primal Video (https://www.youtube.com/watch?v=XvYX3r2Z2sM)
2026-07-18 17:18:48,529 - httpx - INFO - [_client.py:1740] - HTTP Request: POST http://localhost:20128/v1/chat/completions "HTTP/1.1 200 OK"
2026-07-18 17:18:48,577 - httpx - INFO - [_client.py:1740] - HTTP Request: POST https://os-api.agno.com/telemetry/runs "HTTP/2 201 Created"
2026-07-18 17:18:48,578 - root - INFO - [base.py:72] - Agent 'YouTube Resource Selector' execution succeeded. Response length: 435 chars
2026-07-18 17:18:48,578 - root - INFO - [roadmap.py:89] - Selected resource for Week 8 topic 'Exporting, Client Delivery & Practice Project': 'How To Edit Instagram Reels (Step By Step Tutorial)' by Ali Abdaal (https://www.youtube.com/watch?v=k1Vn3Hk6nC8)
2026-07-18 17:18:48,788 - httpx - INFO - [_client.py:1740] - HTTP Request: POST https://os-api.agno.com/telemetry/runs "HTTP/2 201 Created"
2026-07-18 17:18:48,790 - root - INFO - [base.py:72] - Agent 'YouTube Resource Selector' execution succeeded. Response length: 694 chars
2026-07-18 17:18:48,790 - root - INFO - [roadmap.py:89] - Selected resource for Week 5 topic 'Instagram Reels Format & Vertical Editing': 'How to Edit Instagram Reels Like a PRO (Step-by-Step Tutorial)' by Justin Brown - Primal Video (https://www.youtube.com/watch?v=wSfW8Q3p6dA)
2026-07-18 17:18:49,066 - httpx - INFO - [_client.py:1740] - HTTP Request: POST https://os-api.agno.com/telemetry/runs "HTTP/2 201 Created"
2026-07-18 17:18:49,067 - root - INFO - [base.py:72] - Agent 'YouTube Resource Selector' execution succeeded. Response length: 800 chars
2026-07-18 17:18:49,067 - root - INFO - [roadmap.py:89] - Selected resource for Week 2 topic 'Essential Editing Tools & Polishing the Cut': 'How to Edit Instagram Reels That Go Viral (2024 Tutorial)' by Justin Brown - Primal Video (https://www.youtube.com/watch?v=k6VvZ5V3h8o)
2026-07-18 17:18:50,237 - httpx - INFO - [_client.py:1740] - HTTP Request: POST http://localhost:20128/v1/chat/completions "HTTP/1.1 200 OK"
2026-07-18 17:18:50,650 - httpx - INFO - [_client.py:1740] - HTTP Request: POST http://localhost:20128/v1/chat/completions "HTTP/1.1 200 OK"
2026-07-18 17:18:51,162 - httpx - INFO - [_client.py:1740] - HTTP Request: POST https://os-api.agno.com/telemetry/runs "HTTP/2 201 Created"
2026-07-18 17:18:51,164 - root - INFO - [base.py:72] - Agent 'YouTube Resource Selector' execution succeeded. Response length: 596 chars
2026-07-18 17:18:51,164 - root - INFO - [roadmap.py:89] - Selected resource for Week 7 topic 'Color Correction & Basic Grading': 'DaVinci Resolve Color Correction Tutorial for Beginners' by Casey Faris (https://www.youtube.com/watch?v=jFkI4JkYpOo)
2026-07-18 17:18:51,580 - httpx - INFO - [_client.py:1740] - HTTP Request: POST https://os-api.agno.com/telemetry/runs "HTTP/2 201 Created"
2026-07-18 17:18:51,581 - root - INFO - [base.py:72] - Agent 'YouTube Resource Selector' execution succeeded. Response length: 547 chars
2026-07-18 17:18:51,581 - root - INFO - [roadmap.py:89] - Selected resource for Week 3 topic 'Audio Editing & Integration': 'How to Edit Audio for Instagram Reels (Complete Beginner Guide)' by Justin Brown - Primal Video (https://www.youtube.com/watch?v=1234567890)
2026-07-18 17:18:56,846 - httpx - INFO - [_client.py:1740] - HTTP Request: POST http://localhost:20128/v1/chat/completions "HTTP/1.1 200 OK"
2026-07-18 17:18:57,797 - httpx - INFO - [_client.py:1740] - HTTP Request: POST https://os-api.agno.com/telemetry/runs "HTTP/2 201 Created"
2026-07-18 17:18:57,798 - root - INFO - [base.py:72] - Agent 'YouTube Resource Selector' execution succeeded. Response length: 519 chars
2026-07-18 17:18:57,798 - root - INFO - [roadmap.py:89] - Selected resource for Week 1 topic 'Software Setup & Video Editing Fundamentals': 'How to edit video on Instagram 2026 | How to edit video on Instagram | Reels editing' by Technical Saif (https://www.youtube.com/watch?v=isDy5sjX61Q)
2026-07-18 17:18:57,798 - root - INFO - [roadmap.py:114] - Finished building final roadmap with 8 complete weeks.
2026-07-18 17:18:57,798 - root - INFO - [main.py:172] - Roadmap successfully built: Instagram reel editing. Learning Roadmap
2026-07-18 17:18:57,800 - root - INFO - [main.py:179] - Saved roadmap markdown to output/roadmap_20260718_171857.md
2026-07-18 17:18:57,801 - root - INFO - [main.py:186] - Saved research JSON to output/roadmap_20260718_171857.json
2026-07-18 17:18:57,887 - asyncio - ERROR - [base_events.py:1833] - Unclosed client session
client_session: <aiohttp.client.ClientSession object at 0x108faec60>
2026-07-18 17:18:57,887 - asyncio - ERROR - [base_events.py:1833] - Unclosed connector
connections: ['deque([(<aiohttp.client_proto.ResponseHandler object at 0x10f13ac80>, 4525.196169708)])']
connector: <aiohttp.connector.TCPConnector object at 0x10932ce00>
